<?xml version="1.0" encoding="UTF-8"?>
<!-- Generated by org.testng.reporters.JUnitReportReporter -->
<testsuite skipped="0" hostname="TVMATP255430L" name="com.EDUbank.Tests.VerifyLoginTest" tests="1" failures="0" timestamp="2020-09-26T23:33:10 IST" time="57.973" errors="0">
  <testcase name="test" time="57.973" classname="com.EDUbank.Tests.VerifyLoginTest"/>
  <system-out/>
</testsuite> <!-- com.EDUbank.Tests.VerifyLoginTest -->
